0 info it worked if it ends with ok
1 verbose cli [ '/usr/bin/nodejs', '/usr/bin/npm', 'install' ]
2 info using npm@3.10.10
3 info using node@v6.10.3
4 silly loadCurrentTree Starting
5 silly install loadCurrentTree
6 silly install readLocalPackageData
7 silly install normalizeTree
8 silly loadCurrentTree Finishing
9 silly loadIdealTree Starting
10 silly install loadIdealTree
11 silly cloneCurrentTree Starting
12 silly install cloneCurrentTreeToIdealTree
13 silly cloneCurrentTree Finishing
14 silly loadShrinkwrap Starting
15 silly install loadShrinkwrap
16 silly loadShrinkwrap Finishing
17 silly loadAllDepsIntoIdealTree Starting
18 silly install loadAllDepsIntoIdealTree
19 silly fetchNamedPackageData fsevents
20 silly mapToRegistry name fsevents
21 silly mapToRegistry using default registry
22 silly mapToRegistry registry https://registry.npmjs.org/
23 silly mapToRegistry data Result {
23 silly mapToRegistry   raw: 'fsevents',
23 silly mapToRegistry   scope: null,
23 silly mapToRegistry   escapedName: 'fsevents',
23 silly mapToRegistry   name: 'fsevents',
23 silly mapToRegistry   rawSpec: '',
23 silly mapToRegistry   spec: 'latest',
23 silly mapToRegistry   type: 'tag' }
24 silly mapToRegistry uri https://registry.npmjs.org/fsevents
25 verbose request uri https://registry.npmjs.org/fsevents
26 verbose request no auth needed
27 info attempt registry request try #1 at 6:47:09 PM
28 verbose request id c8d5c42f84f24dbe
29 verbose etag W/"593f6cc8-dcc1"
30 verbose lastModified Tue, 13 Jun 2017 04:40:40 GMT
31 http request GET https://registry.npmjs.org/fsevents
32 http 304 https://registry.npmjs.org/fsevents
33 verbose headers { date: 'Sun, 02 Jul 2017 10:47:10 GMT',
33 verbose headers   via: '1.1 varnish',
33 verbose headers   'cache-control': 'max-age=300',
33 verbose headers   etag: 'W/"593f6cc8-dcc1"',
33 verbose headers   age: '142',
33 verbose headers   connection: 'keep-alive',
33 verbose headers   'x-served-by': 'cache-sin18035-SIN',
33 verbose headers   'x-cache': 'HIT',
33 verbose headers   'x-cache-hits': '4',
33 verbose headers   'x-timer': 'S1498992430.207146,VS0,VE0',
33 verbose headers   vary: 'Accept-Encoding' }
34 silly get cb [ 304,
34 silly get   { date: 'Sun, 02 Jul 2017 10:47:10 GMT',
34 silly get     via: '1.1 varnish',
34 silly get     'cache-control': 'max-age=300',
34 silly get     etag: 'W/"593f6cc8-dcc1"',
34 silly get     age: '142',
34 silly get     connection: 'keep-alive',
34 silly get     'x-served-by': 'cache-sin18035-SIN',
34 silly get     'x-cache': 'HIT',
34 silly get     'x-cache-hits': '4',
34 silly get     'x-timer': 'S1498992430.207146,VS0,VE0',
34 silly get     vary: 'Accept-Encoding' } ]
35 verbose etag https://registry.npmjs.org/fsevents from cache
36 verbose get saving fsevents to /home/shaurya/.npm/registry.npmjs.org/fsevents/.cache.json
37 verbose correctMkdir /home/shaurya/.npm correctMkdir not in flight; initializing
38 silly resolveWithNewModule fsevents@1.1.2 checking installable status
39 silly loadAllDepsIntoIdealTree Finishing
40 silly loadIdealTree Finishing
41 silly currentTree Gitber@1.0.0
41 silly currentTree ├─┬ acorn-dynamic-import@2.0.2
41 silly currentTree │ └── acorn@4.0.13
41 silly currentTree ├── acorn@5.0.3
41 silly currentTree ├── ajv-keywords@1.5.1
41 silly currentTree ├── ajv@4.11.8
41 silly currentTree ├── align-text@0.1.4
41 silly currentTree ├── ansi-regex@2.1.1
41 silly currentTree ├── ansi-styles@2.2.1
41 silly currentTree ├── anymatch@1.3.0
41 silly currentTree ├── arr-diff@2.0.0
41 silly currentTree ├── arr-flatten@1.0.3
41 silly currentTree ├── array-unique@0.2.1
41 silly currentTree ├── arrify@1.0.1
41 silly currentTree ├── asap@2.0.5
41 silly currentTree ├── asn1.js@4.9.1
41 silly currentTree ├── assert@1.4.1
41 silly currentTree ├── async-each@1.0.1
41 silly currentTree ├── async@2.5.0
41 silly currentTree ├── babel-code-frame@6.22.0
41 silly currentTree ├── babel-core@6.25.0
41 silly currentTree ├── babel-generator@6.25.0
41 silly currentTree ├── babel-helper-builder-react-jsx@6.24.1
41 silly currentTree ├── babel-helper-call-delegate@6.24.1
41 silly currentTree ├── babel-helper-define-map@6.24.1
41 silly currentTree ├── babel-helper-function-name@6.24.1
41 silly currentTree ├── babel-helper-get-function-arity@6.24.1
41 silly currentTree ├── babel-helper-hoist-variables@6.24.1
41 silly currentTree ├── babel-helper-optimise-call-expression@6.24.1
41 silly currentTree ├── babel-helper-regex@6.24.1
41 silly currentTree ├── babel-helper-replace-supers@6.24.1
41 silly currentTree ├── babel-helpers@6.24.1
41 silly currentTree ├── babel-loader@7.1.1
41 silly currentTree ├── babel-messages@6.23.0
41 silly currentTree ├── babel-plugin-check-es2015-constants@6.22.0
41 silly currentTree ├── babel-plugin-syntax-flow@6.18.0
41 silly currentTree ├── babel-plugin-syntax-jsx@6.18.0
41 silly currentTree ├── babel-plugin-transform-es2015-arrow-functions@6.22.0
41 silly currentTree ├── babel-plugin-transform-es2015-block-scoped-functions@6.22.0
41 silly currentTree ├── babel-plugin-transform-es2015-block-scoping@6.24.1
41 silly currentTree ├── babel-plugin-transform-es2015-classes@6.24.1
41 silly currentTree ├── babel-plugin-transform-es2015-computed-properties@6.24.1
41 silly currentTree ├── babel-plugin-transform-es2015-destructuring@6.23.0
41 silly currentTree ├── babel-plugin-transform-es2015-duplicate-keys@6.24.1
41 silly currentTree ├── babel-plugin-transform-es2015-for-of@6.23.0
41 silly currentTree ├── babel-plugin-transform-es2015-function-name@6.24.1
41 silly currentTree ├── babel-plugin-transform-es2015-literals@6.22.0
41 silly currentTree ├── babel-plugin-transform-es2015-modules-amd@6.24.1
41 silly currentTree ├── babel-plugin-transform-es2015-modules-commonjs@6.24.1
41 silly currentTree ├── babel-plugin-transform-es2015-modules-systemjs@6.24.1
41 silly currentTree ├── babel-plugin-transform-es2015-modules-umd@6.24.1
41 silly currentTree ├── babel-plugin-transform-es2015-object-super@6.24.1
41 silly currentTree ├── babel-plugin-transform-es2015-parameters@6.24.1
41 silly currentTree ├── babel-plugin-transform-es2015-shorthand-properties@6.24.1
41 silly currentTree ├── babel-plugin-transform-es2015-spread@6.22.0
41 silly currentTree ├── babel-plugin-transform-es2015-sticky-regex@6.24.1
41 silly currentTree ├── babel-plugin-transform-es2015-template-literals@6.22.0
41 silly currentTree ├── babel-plugin-transform-es2015-typeof-symbol@6.23.0
41 silly currentTree ├── babel-plugin-transform-es2015-unicode-regex@6.24.1
41 silly currentTree ├── babel-plugin-transform-flow-strip-types@6.22.0
41 silly currentTree ├── babel-plugin-transform-react-display-name@6.25.0
41 silly currentTree ├── babel-plugin-transform-react-jsx-self@6.22.0
41 silly currentTree ├── babel-plugin-transform-react-jsx-source@6.22.0
41 silly currentTree ├── babel-plugin-transform-react-jsx@6.24.1
41 silly currentTree ├── babel-plugin-transform-regenerator@6.24.1
41 silly currentTree ├── babel-plugin-transform-strict-mode@6.24.1
41 silly currentTree ├── babel-preset-es2015@6.24.1
41 silly currentTree ├── babel-preset-flow@6.23.0
41 silly currentTree ├── babel-preset-react@6.24.1
41 silly currentTree ├── babel-register@6.24.1
41 silly currentTree ├── babel-runtime@6.23.0
41 silly currentTree ├── babel-template@6.25.0
41 silly currentTree ├── babel-traverse@6.25.0
41 silly currentTree ├── babel-types@6.25.0
41 silly currentTree ├── babylon@6.17.4
41 silly currentTree ├── balanced-match@1.0.0
41 silly currentTree ├── base64-js@1.2.1
41 silly currentTree ├── big.js@3.1.3
41 silly currentTree ├── binary-extensions@1.8.0
41 silly currentTree ├── bn.js@4.11.7
41 silly currentTree ├── brace-expansion@1.1.8
41 silly currentTree ├── braces@1.8.5
41 silly currentTree ├── brorand@1.1.0
41 silly currentTree ├── browserify-aes@1.0.6
41 silly currentTree ├── browserify-cipher@1.0.0
41 silly currentTree ├── browserify-des@1.0.0
41 silly currentTree ├── browserify-rsa@4.0.1
41 silly currentTree ├── browserify-sign@4.0.4
41 silly currentTree ├── browserify-zlib@0.1.4
41 silly currentTree ├── buffer-xor@1.0.3
41 silly currentTree ├─┬ buffer@4.9.1
41 silly currentTree │ └── isarray@1.0.0
41 silly currentTree ├── builtin-modules@1.1.1
41 silly currentTree ├── builtin-status-codes@3.0.0
41 silly currentTree ├── camelcase@1.2.1
41 silly currentTree ├── center-align@0.1.3
41 silly currentTree ├── chalk@1.1.3
41 silly currentTree ├── chokidar@1.7.0
41 silly currentTree ├── cipher-base@1.0.3
41 silly currentTree ├── cliui@2.1.0
41 silly currentTree ├── co@4.6.0
41 silly currentTree ├── code-point-at@1.1.0
41 silly currentTree ├── commondir@1.0.1
41 silly currentTree ├── concat-map@0.0.1
41 silly currentTree ├── console-browserify@1.1.0
41 silly currentTree ├── constants-browserify@1.0.0
41 silly currentTree ├── convert-source-map@1.5.0
41 silly currentTree ├── core-js@2.4.1
41 silly currentTree ├── core-util-is@1.0.2
41 silly currentTree ├── create-ecdh@4.0.0
41 silly currentTree ├── create-hash@1.1.3
41 silly currentTree ├── create-hmac@1.1.6
41 silly currentTree ├── create-react-class@15.6.0
41 silly currentTree ├── crypto-browserify@3.11.0
41 silly currentTree ├── date-now@0.1.4
41 silly currentTree ├── debug@2.6.8
41 silly currentTree ├── decamelize@1.2.0
41 silly currentTree ├── deep-diff@0.3.8
41 silly currentTree ├── des.js@1.0.0
41 silly currentTree ├── detect-indent@4.0.0
41 silly currentTree ├── diffie-hellman@5.0.2
41 silly currentTree ├── domain-browser@1.1.7
41 silly currentTree ├── elliptic@6.4.0
41 silly currentTree ├── emojis-list@2.1.0
41 silly currentTree ├── encoding@0.1.12
41 silly currentTree ├── enhanced-resolve@3.3.0
41 silly currentTree ├── errno@0.1.4
41 silly currentTree ├── error-ex@1.3.1
41 silly currentTree ├── escape-string-regexp@1.0.5
41 silly currentTree ├── esutils@2.0.2
41 silly currentTree ├── events@1.1.1
41 silly currentTree ├── evp_bytestokey@1.0.0
41 silly currentTree ├── expand-brackets@0.1.5
41 silly currentTree ├── expand-range@1.8.2
41 silly currentTree ├── extglob@0.3.2
41 silly currentTree ├─┬ fbjs@0.8.12
41 silly currentTree │ └── core-js@1.2.7
41 silly currentTree ├── filename-regex@2.0.1
41 silly currentTree ├── fill-range@2.2.3
41 silly currentTree ├── find-cache-dir@1.0.0
41 silly currentTree ├── find-up@2.1.0
41 silly currentTree ├── for-in@1.0.2
41 silly currentTree ├── for-own@0.1.5
41 silly currentTree ├── get-caller-file@1.0.2
41 silly currentTree ├── glob-base@0.3.0
41 silly currentTree ├── glob-parent@2.0.0
41 silly currentTree ├── globals@9.18.0
41 silly currentTree ├── graceful-fs@4.1.11
41 silly currentTree ├── has-ansi@2.0.0
41 silly currentTree ├── has-flag@1.0.0
41 silly currentTree ├── hash-base@2.0.2
41 silly currentTree ├── hash.js@1.1.3
41 silly currentTree ├── history@4.6.3
41 silly currentTree ├── hmac-drbg@1.0.1
41 silly currentTree ├── hoist-non-react-statics@1.2.0
41 silly currentTree ├── home-or-tmp@2.0.0
41 silly currentTree ├── hosted-git-info@2.5.0
41 silly currentTree ├── https-browserify@0.0.1
41 silly currentTree ├── iconv-lite@0.4.18
41 silly currentTree ├── ieee754@1.1.8
41 silly currentTree ├── indexof@0.0.1
41 silly currentTree ├── inherits@2.0.3
41 silly currentTree ├── interpret@1.0.3
41 silly currentTree ├── invariant@2.2.2
41 silly currentTree ├── invert-kv@1.0.0
41 silly currentTree ├── is-arrayish@0.2.1
41 silly currentTree ├── is-binary-path@1.0.1
41 silly currentTree ├── is-buffer@1.1.5
41 silly currentTree ├── is-builtin-module@1.0.0
41 silly currentTree ├── is-dotfile@1.0.3
41 silly currentTree ├── is-equal-shallow@0.1.3
41 silly currentTree ├── is-extendable@0.1.1
41 silly currentTree ├── is-extglob@1.0.0
41 silly currentTree ├── is-finite@1.0.2
41 silly currentTree ├── is-fullwidth-code-point@1.0.0
41 silly currentTree ├── is-glob@2.0.1
41 silly currentTree ├── is-number@2.1.0
41 silly currentTree ├── is-posix-bracket@0.1.1
41 silly currentTree ├── is-primitive@2.0.0
41 silly currentTree ├── is-stream@1.1.0
41 silly currentTree ├── is-utf8@0.2.1
41 silly currentTree ├── isarray@0.0.1
41 silly currentTree ├─┬ isobject@2.1.0
41 silly currentTree │ └── isarray@1.0.0
41 silly currentTree ├── isomorphic-fetch@2.2.1
41 silly currentTree ├── js-tokens@3.0.2
41 silly currentTree ├── jsesc@1.3.0
41 silly currentTree ├── json-loader@0.5.4
41 silly currentTree ├── json-stable-stringify@1.0.1
41 silly currentTree ├── json5@0.5.1
41 silly currentTree ├── jsonify@0.0.0
41 silly currentTree ├── kind-of@3.2.2
41 silly currentTree ├── lazy-cache@1.0.4
41 silly currentTree ├── lcid@1.0.0
41 silly currentTree ├── load-json-file@1.1.0
41 silly currentTree ├── loader-runner@2.3.0
41 silly currentTree ├── loader-utils@1.1.0
41 silly currentTree ├── locate-path@2.0.0
41 silly currentTree ├── lodash-es@4.17.4
41 silly currentTree ├── lodash@4.17.4
41 silly currentTree ├── longest@1.0.1
41 silly currentTree ├── loose-envify@1.3.1
41 silly currentTree ├── make-dir@1.0.0
41 silly currentTree ├── memory-fs@0.4.1
41 silly currentTree ├── micromatch@2.3.11
41 silly currentTree ├── miller-rabin@4.0.0
41 silly currentTree ├── minimalistic-assert@1.0.0
41 silly currentTree ├── minimalistic-crypto-utils@1.0.1
41 silly currentTree ├── minimatch@3.0.4
41 silly currentTree ├── minimist@0.0.8
41 silly currentTree ├── mkdirp@0.5.1
41 silly currentTree ├── ms@2.0.0
41 silly currentTree ├── node-fetch@1.7.1
41 silly currentTree ├─┬ node-libs-browser@2.0.0
41 silly currentTree │ └── string_decoder@0.10.31
41 silly currentTree ├── normalize-package-data@2.4.0
41 silly currentTree ├── normalize-path@2.1.1
41 silly currentTree ├── number-is-nan@1.0.1
41 silly currentTree ├── object-assign@4.1.1
41 silly currentTree ├── object.omit@2.0.1
41 silly currentTree ├── os-browserify@0.2.1
41 silly currentTree ├── os-homedir@1.0.2
41 silly currentTree ├── os-locale@1.4.0
41 silly currentTree ├── os-tmpdir@1.0.2
41 silly currentTree ├── p-limit@1.1.0
41 silly currentTree ├── p-locate@2.0.0
41 silly currentTree ├── pako@0.2.9
41 silly currentTree ├── parse-asn1@5.1.0
41 silly currentTree ├── parse-glob@3.0.4
41 silly currentTree ├── parse-json@2.2.0
41 silly currentTree ├── path-browserify@0.0.0
41 silly currentTree ├── path-exists@3.0.0
41 silly currentTree ├── path-is-absolute@1.0.1
41 silly currentTree ├── path-to-regexp@1.7.0
41 silly currentTree ├── path-type@1.1.0
41 silly currentTree ├── pbkdf2@3.0.12
41 silly currentTree ├── pify@2.3.0
41 silly currentTree ├── pinkie-promise@2.0.1
41 silly currentTree ├── pinkie@2.0.4
41 silly currentTree ├── pkg-dir@2.0.0
41 silly currentTree ├── preserve@0.2.0
41 silly currentTree ├── private@0.1.7
41 silly currentTree ├── process-nextick-args@1.0.7
41 silly currentTree ├── process@0.11.10
41 silly currentTree ├── promise@7.3.1
41 silly currentTree ├── prop-types@15.5.10
41 silly currentTree ├── prr@0.0.0
41 silly currentTree ├── public-encrypt@4.0.0
41 silly currentTree ├── punycode@1.4.1
41 silly currentTree ├── querystring-es3@0.2.1
41 silly currentTree ├── querystring@0.2.0
41 silly currentTree ├─┬ randomatic@1.1.7
41 silly currentTree │ ├─┬ is-number@3.0.0
41 silly currentTree │ │ └── kind-of@3.2.2
41 silly currentTree │ └── kind-of@4.0.0
41 silly currentTree ├── randombytes@2.0.5
41 silly currentTree ├── react-dom@15.6.1
41 silly currentTree ├── react-redux@5.0.5
41 silly currentTree ├── react-router-dom@4.1.1
41 silly currentTree ├── react-router@4.1.1
41 silly currentTree ├── react@15.6.1
41 silly currentTree ├─┬ read-pkg-up@1.0.1
41 silly currentTree │ ├── find-up@1.1.2
41 silly currentTree │ └── path-exists@2.1.0
41 silly currentTree ├── read-pkg@1.1.0
41 silly currentTree ├─┬ readable-stream@2.3.3
41 silly currentTree │ └── isarray@1.0.0
41 silly currentTree ├── readdirp@2.1.0
41 silly currentTree ├── redux-logger@3.0.6
41 silly currentTree ├── redux@3.7.1
41 silly currentTree ├── regenerate@1.3.2
41 silly currentTree ├── regenerator-runtime@0.10.5
41 silly currentTree ├── regenerator-transform@0.9.11
41 silly currentTree ├── regex-cache@0.4.3
41 silly currentTree ├── regexpu-core@2.0.0
41 silly currentTree ├── regjsgen@0.2.0
41 silly currentTree ├─┬ regjsparser@0.1.5
41 silly currentTree │ └── jsesc@0.5.0
41 silly currentTree ├── remove-trailing-separator@1.0.2
41 silly currentTree ├── repeat-element@1.1.2
41 silly currentTree ├── repeat-string@1.6.1
41 silly currentTree ├── repeating@2.0.1
41 silly currentTree ├── require-directory@2.1.1
41 silly currentTree ├── require-main-filename@1.0.1
41 silly currentTree ├── resolve-pathname@2.1.0
41 silly currentTree ├── right-align@0.1.3
41 silly currentTree ├── ripemd160@2.0.1
41 silly currentTree ├── safe-buffer@5.1.1
41 silly currentTree ├── semver@5.3.0
41 silly currentTree ├── set-blocking@2.0.0
41 silly currentTree ├── set-immediate-shim@1.0.1
41 silly currentTree ├── setimmediate@1.0.5
41 silly currentTree ├── sha.js@2.4.8
41 silly currentTree ├── slash@1.0.0
41 silly currentTree ├── source-list-map@1.1.2
41 silly currentTree ├── source-map-support@0.4.15
41 silly currentTree ├── source-map@0.5.6
41 silly currentTree ├── spdx-correct@1.0.2
41 silly currentTree ├── spdx-expression-parse@1.0.4
41 silly currentTree ├── spdx-license-ids@1.2.2
41 silly currentTree ├── stream-browserify@2.0.1
41 silly currentTree ├── stream-http@2.7.2
41 silly currentTree ├── string_decoder@1.0.3
41 silly currentTree ├── string-width@1.0.2
41 silly currentTree ├── strip-ansi@3.0.1
41 silly currentTree ├── strip-bom@2.0.0
41 silly currentTree ├── supports-color@2.0.0
41 silly currentTree ├── symbol-observable@1.0.4
41 silly currentTree ├── tapable@0.2.6
41 silly currentTree ├── timers-browserify@2.0.2
41 silly currentTree ├── to-arraybuffer@1.0.1
41 silly currentTree ├── to-fast-properties@1.0.3
41 silly currentTree ├── trim-right@1.0.1
41 silly currentTree ├── tty-browserify@0.0.0
41 silly currentTree ├── ua-parser-js@0.7.13
41 silly currentTree ├─┬ uglify-js@2.8.29
41 silly currentTree │ └── yargs@3.10.0
41 silly currentTree ├── uglify-to-browserify@1.0.2
41 silly currentTree ├─┬ url@0.11.0
41 silly currentTree │ └── punycode@1.3.2
41 silly currentTree ├── util-deprecate@1.0.2
41 silly currentTree ├─┬ util@0.10.3
41 silly currentTree │ └── inherits@2.0.1
41 silly currentTree ├── validate-npm-package-license@3.0.1
41 silly currentTree ├── value-equal@0.2.1
41 silly currentTree ├── vm-browserify@0.0.4
41 silly currentTree ├── warning@3.0.0
41 silly currentTree ├── watchpack@1.3.1
41 silly currentTree ├── webpack-sources@0.2.3
41 silly currentTree ├─┬ webpack@2.6.1
41 silly currentTree │ ├── loader-utils@0.2.17
41 silly currentTree │ └── supports-color@3.2.3
41 silly currentTree ├── whatwg-fetch@2.0.3
41 silly currentTree ├── which-module@1.0.0
41 silly currentTree ├── window-size@0.1.0
41 silly currentTree ├── wordwrap@0.0.2
41 silly currentTree ├── wrap-ansi@2.1.0
41 silly currentTree ├── xtend@4.0.1
41 silly currentTree ├── y18n@3.2.1
41 silly currentTree ├─┬ yargs-parser@4.2.1
41 silly currentTree │ └── camelcase@3.0.0
41 silly currentTree └─┬ yargs@6.6.0
41 silly currentTree   ├── camelcase@3.0.0
41 silly currentTree   └── cliui@3.2.0
42 silly idealTree Gitber@1.0.0
42 silly idealTree ├─┬ acorn-dynamic-import@2.0.2
42 silly idealTree │ └── acorn@4.0.13
42 silly idealTree ├── acorn@5.0.3
42 silly idealTree ├── ajv-keywords@1.5.1
42 silly idealTree ├── ajv@4.11.8
42 silly idealTree ├── align-text@0.1.4
42 silly idealTree ├── ansi-regex@2.1.1
42 silly idealTree ├── ansi-styles@2.2.1
42 silly idealTree ├── anymatch@1.3.0
42 silly idealTree ├── arr-diff@2.0.0
42 silly idealTree ├── arr-flatten@1.0.3
42 silly idealTree ├── array-unique@0.2.1
42 silly idealTree ├── arrify@1.0.1
42 silly idealTree ├── asap@2.0.5
42 silly idealTree ├── asn1.js@4.9.1
42 silly idealTree ├── assert@1.4.1
42 silly idealTree ├── async-each@1.0.1
42 silly idealTree ├── async@2.5.0
42 silly idealTree ├── babel-code-frame@6.22.0
42 silly idealTree ├── babel-core@6.25.0
42 silly idealTree ├── babel-generator@6.25.0
42 silly idealTree ├── babel-helper-builder-react-jsx@6.24.1
42 silly idealTree ├── babel-helper-call-delegate@6.24.1
42 silly idealTree ├── babel-helper-define-map@6.24.1
42 silly idealTree ├── babel-helper-function-name@6.24.1
42 silly idealTree ├── babel-helper-get-function-arity@6.24.1
42 silly idealTree ├── babel-helper-hoist-variables@6.24.1
42 silly idealTree ├── babel-helper-optimise-call-expression@6.24.1
42 silly idealTree ├── babel-helper-regex@6.24.1
42 silly idealTree ├── babel-helper-replace-supers@6.24.1
42 silly idealTree ├── babel-helpers@6.24.1
42 silly idealTree ├── babel-loader@7.1.1
42 silly idealTree ├── babel-messages@6.23.0
42 silly idealTree ├── babel-plugin-check-es2015-constants@6.22.0
42 silly idealTree ├── babel-plugin-syntax-flow@6.18.0
42 silly idealTree ├── babel-plugin-syntax-jsx@6.18.0
42 silly idealTree ├── babel-plugin-transform-es2015-arrow-functions@6.22.0
42 silly idealTree ├── babel-plugin-transform-es2015-block-scoped-functions@6.22.0
42 silly idealTree ├── babel-plugin-transform-es2015-block-scoping@6.24.1
42 silly idealTree ├── babel-plugin-transform-es2015-classes@6.24.1
42 silly idealTree ├── babel-plugin-transform-es2015-computed-properties@6.24.1
42 silly idealTree ├── babel-plugin-transform-es2015-destructuring@6.23.0
42 silly idealTree ├── babel-plugin-transform-es2015-duplicate-keys@6.24.1
42 silly idealTree ├── babel-plugin-transform-es2015-for-of@6.23.0
42 silly idealTree ├── babel-plugin-transform-es2015-function-name@6.24.1
42 silly idealTree ├── babel-plugin-transform-es2015-literals@6.22.0
42 silly idealTree ├── babel-plugin-transform-es2015-modules-amd@6.24.1
42 silly idealTree ├── babel-plugin-transform-es2015-modules-commonjs@6.24.1
42 silly idealTree ├── babel-plugin-transform-es2015-modules-systemjs@6.24.1
42 silly idealTree ├── babel-plugin-transform-es2015-modules-umd@6.24.1
42 silly idealTree ├── babel-plugin-transform-es2015-object-super@6.24.1
42 silly idealTree ├── babel-plugin-transform-es2015-parameters@6.24.1
42 silly idealTree ├── babel-plugin-transform-es2015-shorthand-properties@6.24.1
42 silly idealTree ├── babel-plugin-transform-es2015-spread@6.22.0
42 silly idealTree ├── babel-plugin-transform-es2015-sticky-regex@6.24.1
42 silly idealTree ├── babel-plugin-transform-es2015-template-literals@6.22.0
42 silly idealTree ├── babel-plugin-transform-es2015-typeof-symbol@6.23.0
42 silly idealTree ├── babel-plugin-transform-es2015-unicode-regex@6.24.1
42 silly idealTree ├── babel-plugin-transform-flow-strip-types@6.22.0
42 silly idealTree ├── babel-plugin-transform-react-display-name@6.25.0
42 silly idealTree ├── babel-plugin-transform-react-jsx-self@6.22.0
42 silly idealTree ├── babel-plugin-transform-react-jsx-source@6.22.0
42 silly idealTree ├── babel-plugin-transform-react-jsx@6.24.1
42 silly idealTree ├── babel-plugin-transform-regenerator@6.24.1
42 silly idealTree ├── babel-plugin-transform-strict-mode@6.24.1
42 silly idealTree ├── babel-preset-es2015@6.24.1
42 silly idealTree ├── babel-preset-flow@6.23.0
42 silly idealTree ├── babel-preset-react@6.24.1
42 silly idealTree ├── babel-register@6.24.1
42 silly idealTree ├── babel-runtime@6.23.0
42 silly idealTree ├── babel-template@6.25.0
42 silly idealTree ├── babel-traverse@6.25.0
42 silly idealTree ├── babel-types@6.25.0
42 silly idealTree ├── babylon@6.17.4
42 silly idealTree ├── balanced-match@1.0.0
42 silly idealTree ├── base64-js@1.2.1
42 silly idealTree ├── big.js@3.1.3
42 silly idealTree ├── binary-extensions@1.8.0
42 silly idealTree ├── bn.js@4.11.7
42 silly idealTree ├── brace-expansion@1.1.8
42 silly idealTree ├── braces@1.8.5
42 silly idealTree ├── brorand@1.1.0
42 silly idealTree ├── browserify-aes@1.0.6
42 silly idealTree ├── browserify-cipher@1.0.0
42 silly idealTree ├── browserify-des@1.0.0
42 silly idealTree ├── browserify-rsa@4.0.1
42 silly idealTree ├── browserify-sign@4.0.4
42 silly idealTree ├── browserify-zlib@0.1.4
42 silly idealTree ├── buffer-xor@1.0.3
42 silly idealTree ├─┬ buffer@4.9.1
42 silly idealTree │ └── isarray@1.0.0
42 silly idealTree ├── builtin-modules@1.1.1
42 silly idealTree ├── builtin-status-codes@3.0.0
42 silly idealTree ├── camelcase@1.2.1
42 silly idealTree ├── center-align@0.1.3
42 silly idealTree ├── chalk@1.1.3
42 silly idealTree ├── chokidar@1.7.0
42 silly idealTree ├── cipher-base@1.0.3
42 silly idealTree ├── cliui@2.1.0
42 silly idealTree ├── co@4.6.0
42 silly idealTree ├── code-point-at@1.1.0
42 silly idealTree ├── commondir@1.0.1
42 silly idealTree ├── concat-map@0.0.1
42 silly idealTree ├── console-browserify@1.1.0
42 silly idealTree ├── constants-browserify@1.0.0
42 silly idealTree ├── convert-source-map@1.5.0
42 silly idealTree ├── core-js@2.4.1
42 silly idealTree ├── core-util-is@1.0.2
42 silly idealTree ├── create-ecdh@4.0.0
42 silly idealTree ├── create-hash@1.1.3
42 silly idealTree ├── create-hmac@1.1.6
42 silly idealTree ├── create-react-class@15.6.0
42 silly idealTree ├── crypto-browserify@3.11.0
42 silly idealTree ├── date-now@0.1.4
42 silly idealTree ├── debug@2.6.8
42 silly idealTree ├── decamelize@1.2.0
42 silly idealTree ├── deep-diff@0.3.8
42 silly idealTree ├── des.js@1.0.0
42 silly idealTree ├── detect-indent@4.0.0
42 silly idealTree ├── diffie-hellman@5.0.2
42 silly idealTree ├── domain-browser@1.1.7
42 silly idealTree ├── elliptic@6.4.0
42 silly idealTree ├── emojis-list@2.1.0
42 silly idealTree ├── encoding@0.1.12
42 silly idealTree ├── enhanced-resolve@3.3.0
42 silly idealTree ├── errno@0.1.4
42 silly idealTree ├── error-ex@1.3.1
42 silly idealTree ├── escape-string-regexp@1.0.5
42 silly idealTree ├── esutils@2.0.2
42 silly idealTree ├── events@1.1.1
42 silly idealTree ├── evp_bytestokey@1.0.0
42 silly idealTree ├── expand-brackets@0.1.5
42 silly idealTree ├── expand-range@1.8.2
42 silly idealTree ├── extglob@0.3.2
42 silly idealTree ├─┬ fbjs@0.8.12
42 silly idealTree │ └── core-js@1.2.7
42 silly idealTree ├── filename-regex@2.0.1
42 silly idealTree ├── fill-range@2.2.3
42 silly idealTree ├── find-cache-dir@1.0.0
42 silly idealTree ├── find-up@2.1.0
42 silly idealTree ├── for-in@1.0.2
42 silly idealTree ├── for-own@0.1.5
42 silly idealTree ├── get-caller-file@1.0.2
42 silly idealTree ├── glob-base@0.3.0
42 silly idealTree ├── glob-parent@2.0.0
42 silly idealTree ├── globals@9.18.0
42 silly idealTree ├── graceful-fs@4.1.11
42 silly idealTree ├── has-ansi@2.0.0
42 silly idealTree ├── has-flag@1.0.0
42 silly idealTree ├── hash-base@2.0.2
42 silly idealTree ├── hash.js@1.1.3
42 silly idealTree ├── history@4.6.3
42 silly idealTree ├── hmac-drbg@1.0.1
42 silly idealTree ├── hoist-non-react-statics@1.2.0
42 silly idealTree ├── home-or-tmp@2.0.0
42 silly idealTree ├── hosted-git-info@2.5.0
42 silly idealTree ├── https-browserify@0.0.1
42 silly idealTree ├── iconv-lite@0.4.18
42 silly idealTree ├── ieee754@1.1.8
42 silly idealTree ├── indexof@0.0.1
42 silly idealTree ├── inherits@2.0.3
42 silly idealTree ├── interpret@1.0.3
42 silly idealTree ├── invariant@2.2.2
42 silly idealTree ├── invert-kv@1.0.0
42 silly idealTree ├── is-arrayish@0.2.1
42 silly idealTree ├── is-binary-path@1.0.1
42 silly idealTree ├── is-buffer@1.1.5
42 silly idealTree ├── is-builtin-module@1.0.0
42 silly idealTree ├── is-dotfile@1.0.3
42 silly idealTree ├── is-equal-shallow@0.1.3
42 silly idealTree ├── is-extendable@0.1.1
42 silly idealTree ├── is-extglob@1.0.0
42 silly idealTree ├── is-finite@1.0.2
42 silly idealTree ├── is-fullwidth-code-point@1.0.0
42 silly idealTree ├── is-glob@2.0.1
42 silly idealTree ├── is-number@2.1.0
42 silly idealTree ├── is-posix-bracket@0.1.1
42 silly idealTree ├── is-primitive@2.0.0
42 silly idealTree ├── is-stream@1.1.0
42 silly idealTree ├── is-utf8@0.2.1
42 silly idealTree ├── isarray@0.0.1
42 silly idealTree ├─┬ isobject@2.1.0
42 silly idealTree │ └── isarray@1.0.0
42 silly idealTree ├── isomorphic-fetch@2.2.1
42 silly idealTree ├── js-tokens@3.0.2
42 silly idealTree ├── jsesc@1.3.0
42 silly idealTree ├── json-loader@0.5.4
42 silly idealTree ├── json-stable-stringify@1.0.1
42 silly idealTree ├── json5@0.5.1
42 silly idealTree ├── jsonify@0.0.0
42 silly idealTree ├── kind-of@3.2.2
42 silly idealTree ├── lazy-cache@1.0.4
42 silly idealTree ├── lcid@1.0.0
42 silly idealTree ├── load-json-file@1.1.0
42 silly idealTree ├── loader-runner@2.3.0
42 silly idealTree ├── loader-utils@1.1.0
42 silly idealTree ├── locate-path@2.0.0
42 silly idealTree ├── lodash-es@4.17.4
42 silly idealTree ├── lodash@4.17.4
42 silly idealTree ├── longest@1.0.1
42 silly idealTree ├── loose-envify@1.3.1
42 silly idealTree ├── make-dir@1.0.0
42 silly idealTree ├── memory-fs@0.4.1
42 silly idealTree ├── micromatch@2.3.11
42 silly idealTree ├── miller-rabin@4.0.0
42 silly idealTree ├── minimalistic-assert@1.0.0
42 silly idealTree ├── minimalistic-crypto-utils@1.0.1
42 silly idealTree ├── minimatch@3.0.4
42 silly idealTree ├── minimist@0.0.8
42 silly idealTree ├── mkdirp@0.5.1
42 silly idealTree ├── ms@2.0.0
42 silly idealTree ├── node-fetch@1.7.1
42 silly idealTree ├─┬ node-libs-browser@2.0.0
42 silly idealTree │ └── string_decoder@0.10.31
42 silly idealTree ├── normalize-package-data@2.4.0
42 silly idealTree ├── normalize-path@2.1.1
42 silly idealTree ├── number-is-nan@1.0.1
42 silly idealTree ├── object-assign@4.1.1
42 silly idealTree ├── object.omit@2.0.1
42 silly idealTree ├── os-browserify@0.2.1
42 silly idealTree ├── os-homedir@1.0.2
42 silly idealTree ├── os-locale@1.4.0
42 silly idealTree ├── os-tmpdir@1.0.2
42 silly idealTree ├── p-limit@1.1.0
42 silly idealTree ├── p-locate@2.0.0
42 silly idealTree ├── pako@0.2.9
42 silly idealTree ├── parse-asn1@5.1.0
42 silly idealTree ├── parse-glob@3.0.4
42 silly idealTree ├── parse-json@2.2.0
42 silly idealTree ├── path-browserify@0.0.0
42 silly idealTree ├── path-exists@3.0.0
42 silly idealTree ├── path-is-absolute@1.0.1
42 silly idealTree ├── path-to-regexp@1.7.0
42 silly idealTree ├── path-type@1.1.0
42 silly idealTree ├── pbkdf2@3.0.12
42 silly idealTree ├── pify@2.3.0
42 silly idealTree ├── pinkie-promise@2.0.1
42 silly idealTree ├── pinkie@2.0.4
42 silly idealTree ├── pkg-dir@2.0.0
42 silly idealTree ├── preserve@0.2.0
42 silly idealTree ├── private@0.1.7
42 silly idealTree ├── process-nextick-args@1.0.7
42 silly idealTree ├── process@0.11.10
42 silly idealTree ├── promise@7.3.1
42 silly idealTree ├── prop-types@15.5.10
42 silly idealTree ├── prr@0.0.0
42 silly idealTree ├── public-encrypt@4.0.0
42 silly idealTree ├── punycode@1.4.1
42 silly idealTree ├── querystring-es3@0.2.1
42 silly idealTree ├── querystring@0.2.0
42 silly idealTree ├─┬ randomatic@1.1.7
42 silly idealTree │ ├─┬ is-number@3.0.0
42 silly idealTree │ │ └── kind-of@3.2.2
42 silly idealTree │ └── kind-of@4.0.0
42 silly idealTree ├── randombytes@2.0.5
42 silly idealTree ├── react-dom@15.6.1
42 silly idealTree ├── react-redux@5.0.5
42 silly idealTree ├── react-router-dom@4.1.1
42 silly idealTree ├── react-router@4.1.1
42 silly idealTree ├── react@15.6.1
42 silly idealTree ├─┬ read-pkg-up@1.0.1
42 silly idealTree │ ├── find-up@1.1.2
42 silly idealTree │ └── path-exists@2.1.0
42 silly idealTree ├── read-pkg@1.1.0
42 silly idealTree ├─┬ readable-stream@2.3.3
42 silly idealTree │ └── isarray@1.0.0
42 silly idealTree ├── readdirp@2.1.0
42 silly idealTree ├── redux-logger@3.0.6
42 silly idealTree ├── redux@3.7.1
42 silly idealTree ├── regenerate@1.3.2
42 silly idealTree ├── regenerator-runtime@0.10.5
42 silly idealTree ├── regenerator-transform@0.9.11
42 silly idealTree ├── regex-cache@0.4.3
42 silly idealTree ├── regexpu-core@2.0.0
42 silly idealTree ├── regjsgen@0.2.0
42 silly idealTree ├─┬ regjsparser@0.1.5
42 silly idealTree │ └── jsesc@0.5.0
42 silly idealTree ├── remove-trailing-separator@1.0.2
42 silly idealTree ├── repeat-element@1.1.2
42 silly idealTree ├── repeat-string@1.6.1
42 silly idealTree ├── repeating@2.0.1
42 silly idealTree ├── require-directory@2.1.1
42 silly idealTree ├── require-main-filename@1.0.1
42 silly idealTree ├── resolve-pathname@2.1.0
42 silly idealTree ├── right-align@0.1.3
42 silly idealTree ├── ripemd160@2.0.1
42 silly idealTree ├── safe-buffer@5.1.1
42 silly idealTree ├── semver@5.3.0
42 silly idealTree ├── set-blocking@2.0.0
42 silly idealTree ├── set-immediate-shim@1.0.1
42 silly idealTree ├── setimmediate@1.0.5
42 silly idealTree ├── sha.js@2.4.8
42 silly idealTree ├── slash@1.0.0
42 silly idealTree ├── source-list-map@1.1.2
42 silly idealTree ├── source-map-support@0.4.15
42 silly idealTree ├── source-map@0.5.6
42 silly idealTree ├── spdx-correct@1.0.2
42 silly idealTree ├── spdx-expression-parse@1.0.4
42 silly idealTree ├── spdx-license-ids@1.2.2
42 silly idealTree ├── stream-browserify@2.0.1
42 silly idealTree ├── stream-http@2.7.2
42 silly idealTree ├── string_decoder@1.0.3
42 silly idealTree ├── string-width@1.0.2
42 silly idealTree ├── strip-ansi@3.0.1
42 silly idealTree ├── strip-bom@2.0.0
42 silly idealTree ├── supports-color@2.0.0
42 silly idealTree ├── symbol-observable@1.0.4
42 silly idealTree ├── tapable@0.2.6
42 silly idealTree ├── timers-browserify@2.0.2
42 silly idealTree ├── to-arraybuffer@1.0.1
42 silly idealTree ├── to-fast-properties@1.0.3
42 silly idealTree ├── trim-right@1.0.1
42 silly idealTree ├── tty-browserify@0.0.0
42 silly idealTree ├── ua-parser-js@0.7.13
42 silly idealTree ├─┬ uglify-js@2.8.29
42 silly idealTree │ └── yargs@3.10.0
42 silly idealTree ├── uglify-to-browserify@1.0.2
42 silly idealTree ├─┬ url@0.11.0
42 silly idealTree │ └── punycode@1.3.2
42 silly idealTree ├── util-deprecate@1.0.2
42 silly idealTree ├─┬ util@0.10.3
42 silly idealTree │ └── inherits@2.0.1
42 silly idealTree ├── validate-npm-package-license@3.0.1
42 silly idealTree ├── value-equal@0.2.1
42 silly idealTree ├── vm-browserify@0.0.4
42 silly idealTree ├── warning@3.0.0
42 silly idealTree ├── watchpack@1.3.1
42 silly idealTree ├── webpack-sources@0.2.3
42 silly idealTree ├─┬ webpack@2.6.1
42 silly idealTree │ ├── loader-utils@0.2.17
42 silly idealTree │ └── supports-color@3.2.3
42 silly idealTree ├── whatwg-fetch@2.0.3
42 silly idealTree ├── which-module@1.0.0
42 silly idealTree ├── window-size@0.1.0
42 silly idealTree ├── wordwrap@0.0.2
42 silly idealTree ├── wrap-ansi@2.1.0
42 silly idealTree ├── xtend@4.0.1
42 silly idealTree ├── y18n@3.2.1
42 silly idealTree ├─┬ yargs-parser@4.2.1
42 silly idealTree │ └── camelcase@3.0.0
42 silly idealTree └─┬ yargs@6.6.0
42 silly idealTree   ├── camelcase@3.0.0
42 silly idealTree   └── cliui@3.2.0
43 silly generateActionsToTake Starting
44 silly install generateActionsToTake
45 silly generateActionsToTake Finishing
46 silly diffTrees action count 0
47 silly decomposeActions action count 0
48 silly runTopLevelLifecycles Starting
49 silly install runPreinstallTopLevelLifecycles
50 silly preinstall Gitber@1.0.0 /home/shaurya/Desktop/coding/Gitber/Gitber-20b66f62
51 info lifecycle Gitber@1.0.0~preinstall: Gitber@1.0.0
52 silly lifecycle Gitber@1.0.0~preinstall: no script for preinstall, continuing
53 silly executeActions Starting
54 silly install executeActions
55 silly doSerial global-install 0
56 silly doParallel fetch 0
57 verbose correctMkdir /home/shaurya/.npm/_locks correctMkdir not in flight; initializing
58 verbose lock using /home/shaurya/.npm/_locks/staging-52ae9ad08211529f.lock for /home/shaurya/Desktop/coding/Gitber/node_modules/.staging
59 silly doParallel extract 0
60 silly doParallel preinstall 0
61 silly doReverseSerial remove 0
62 silly doSerial move 0
63 silly doSerial finalize 0
64 silly doSerial build 0
65 silly doSerial global-link 0
66 silly doParallel update-linked 0
67 silly doSerial install 0
68 silly doSerial postinstall 0
69 verbose unlock done using /home/shaurya/.npm/_locks/staging-52ae9ad08211529f.lock for /home/shaurya/Desktop/coding/Gitber/node_modules/.staging
70 silly executeActions Finishing
71 silly rollbackFailedOptional Starting
72 silly rollbackFailedOptional Finishing
73 silly install runPostinstallTopLevelLifecycles
74 silly build Gitber@1.0.0
75 info linkStuff Gitber@1.0.0
76 silly linkStuff Gitber@1.0.0 has /home/shaurya/Desktop/coding as its parent node_modules
77 verbose linkBins Gitber@1.0.0
78 verbose linkMans Gitber@1.0.0
79 silly install Gitber@1.0.0 /home/shaurya/Desktop/coding/Gitber/Gitber-20b66f62
80 info lifecycle Gitber@1.0.0~install: Gitber@1.0.0
81 silly lifecycle Gitber@1.0.0~install: no script for install, continuing
82 silly postinstall Gitber@1.0.0 /home/shaurya/Desktop/coding/Gitber/Gitber-20b66f62
83 info lifecycle Gitber@1.0.0~postinstall: Gitber@1.0.0
84 verbose lifecycle Gitber@1.0.0~postinstall: unsafe-perm in lifecycle true
85 verbose lifecycle Gitber@1.0.0~postinstall: PATH: /usr/lib/node_modules/npm/bin/node-gyp-bin:/home/shaurya/Desktop/coding/Gitber/node_modules/.bin:/home/shaurya/.rbenv/shims:/home/shaurya/.rbenv/bin:/home/shaurya/perl5/bin:/home/shaurya/bin:/home/shaurya/.local/bin:/usr/local/sbin:/usr/local/bin:/usr/sbin:/usr/bin:/sbin:/bin:/usr/games:/usr/local/games:/snap/bin
86 verbose lifecycle Gitber@1.0.0~postinstall: CWD: /home/shaurya/Desktop/coding/Gitber
87 silly lifecycle Gitber@1.0.0~postinstall: Args: [ '-c', 'webpack' ]
88 silly lifecycle Gitber@1.0.0~postinstall: Returned: code: 2  signal: null
89 info lifecycle Gitber@1.0.0~postinstall: Failed to exec postinstall script
90 warn optional SKIPPING OPTIONAL DEPENDENCY: fsevents@^1.0.0 (node_modules/chokidar/node_modules/fsevents):
91 warn notsup SKIPPING OPTIONAL DEPENDENCY: Unsupported platform for fsevents@1.1.2: wanted {"os":"darwin","arch":"any"} (current: {"os":"linux","arch":"x64"})
92 verbose notsup SKIPPING OPTIONAL DEPENDENCY: Valid OS:    darwin
92 verbose notsup SKIPPING OPTIONAL DEPENDENCY: Valid Arch:  any
92 verbose notsup SKIPPING OPTIONAL DEPENDENCY: Actual OS:   linux
92 verbose notsup SKIPPING OPTIONAL DEPENDENCY: Actual Arch: x64
93 verbose stack Error: Gitber@1.0.0 postinstall: `webpack`
93 verbose stack Exit status 2
93 verbose stack     at EventEmitter.<anonymous> (/usr/lib/node_modules/npm/lib/utils/lifecycle.js:255:16)
93 verbose stack     at emitTwo (events.js:106:13)
93 verbose stack     at EventEmitter.emit (events.js:191:7)
93 verbose stack     at ChildProcess.<anonymous> (/usr/lib/node_modules/npm/lib/utils/spawn.js:40:14)
93 verbose stack     at emitTwo (events.js:106:13)
93 verbose stack     at ChildProcess.emit (events.js:191:7)
93 verbose stack     at maybeClose (internal/child_process.js:886:16)
93 verbose stack     at Process.ChildProcess._handle.onexit (internal/child_process.js:226:5)
94 verbose pkgid Gitber@1.0.0
95 verbose cwd /home/shaurya/Desktop/coding/Gitber
96 error Linux 4.8.0-58-generic
97 error argv "/usr/bin/nodejs" "/usr/bin/npm" "install"
98 error node v6.10.3
99 error npm  v3.10.10
100 error code ELIFECYCLE
101 error Gitber@1.0.0 postinstall: `webpack`
101 error Exit status 2
102 error Failed at the Gitber@1.0.0 postinstall script 'webpack'.
102 error Make sure you have the latest version of node.js and npm installed.
102 error If you do, this is most likely a problem with the Gitber package,
102 error not with npm itself.
102 error Tell the author that this fails on your system:
102 error     webpack
102 error You can get information on how to open an issue for this project with:
102 error     npm bugs Gitber
102 error Or if that isn't available, you can get their info via:
102 error     npm owner ls Gitber
102 error There is likely additional logging output above.
103 verbose exit [ 1, true ]
